<?xml version="1.0" encoding="UTF-8"?>
<testsuite xmlns:xsi="http://www.w3.org/2001/XMLSchema-instance" xsi:noNamespaceSchemaLocation="https://maven.apache.org/surefire/maven-surefire-plugin/xsd/surefire-test-report-3.0.xsd" version="3.0" name="com.assesment.employwise_api.EmploywiseApiApplicationTests" time="1.704" tests="1" errors="0" skipped="0" failures="0">
  <properties>
[...]
</properties>
  <testcase name="contextLoads" classname="com.assesment.employwise_api.EmploywiseApiApplicationTests" time="0.429">
    <system-out><![CDATA[14:22:35.633 [main] INFO org.springframework.test.context.support.AnnotationConfigContextLoaderUtils -- Could not detect default configuration classes for test class [com.assesment.employwise_api.EmploywiseApiApplicationTests]: EmploywiseApiApplicationTests does not declare any static, non-private, non-final, nested classes annotated with @Configuration.
14:22:35.678 [main] INFO org.springframework.boot.test.context.SpringBootTestContextBootstrapper -- Found @SpringBootConfiguration com.assesment.employwise_api.EmploywiseApiApplication for test class com.assesment.employwise_api.EmploywiseApiApplicationTests

  .   ____          _            __ _ _
 /\\ / ___'_ __ _ _(_)_ __  __ _ \ \ \ \
( ( )\___ | '_ | '_| | '_ \/ _` | \ \ \ \
 \\/  ___)| |_)| | | | | || (_| |  ) ) ) )
  '  |____| .__|_| |_|_| |_\__, | / / / /
 =========|_|==============|___/=/_/_/_/
 :: Spring Boot ::                (v3.2.1)

2023-12-27T14:22:35.869+05:30  INFO 64112 --- [           main] c.a.e.EmploywiseApiApplicationTests      : Starting EmploywiseApiApplicationTests using Java 17.0.4.1 with PID 64112 (started by mradulsingh in /Users/mradulsingh/IdeaProjects/Employwise_API)
2023-12-27T14:22:35.870+05:30  INFO 64112 --- [           main] c.a.e.EmploywiseApiApplicationTests      : No active profile set, falling back to 1 default profile: "default"
2023-12-27T14:22:36.137+05:30  INFO 64112 --- [           main] .s.d.r.c.RepositoryConfigurationDelegate : Bootstrapping Spring Data MongoDB repositories in DEFAULT mode.
2023-12-27T14:22:36.160+05:30  INFO 64112 --- [           main] .s.d.r.c.RepositoryConfigurationDelegate : Finished Spring Data repository scanning in 20 ms. Found 1 MongoDB repository interface.
2023-12-27T14:22:36.473+05:30  INFO 64112 --- [           main] org.mongodb.driver.client                : MongoClient with metadata {"driver": {"name": "mongo-java-driver|sync|spring-boot", "version": "4.11.1"}, "os": {"type": "Darwin", "name": "Mac OS X", "architecture": "aarch64", "version": "14.3"}, "platform": "Java/Eclipse Adoptium/17.0.4.1+1"} created with settings MongoClientSettings{readPreference=primary, writeConcern=WriteConcern{w=null, wTimeout=null ms, journal=null}, retryWrites=true, retryReads=true, readConcern=ReadConcern{level=null}, credential=MongoCredential{mechanism=null, userName='mradulsingh', source='admin', password=<hidden>, mechanismProperties=<hidden>}, transportSettings=null, streamFactoryFactory=null, commandListeners=[], codecRegistry=ProvidersCodecRegistry{codecProviders=[ValueCodecProvider{}, BsonValueCodecProvider{}, DBRefCodecProvider{}, DBObjectCodecProvider{}, DocumentCodecProvider{}, CollectionCodecProvider{}, IterableCodecProvider{}, MapCodecProvider{}, GeoJsonCodecProvider{}, GridFSFileCodecProvider{}, Jsr310CodecProvider{}, JsonObjectCodecProvider{}, BsonCodecProvider{}, EnumCodecProvider{}, com.mongodb.client.model.mql.ExpressionCodecProvider@27f3f512, com.mongodb.Jep395RecordCodecProvider@5e593b08, com.mongodb.KotlinCodecProvider@3946075]}, loggerSettings=LoggerSettings{maxDocumentLength=1000}, clusterSettings={hosts=[127.0.0.1:27017], srvHost=cluster1.t8prj2e.mongodb.net, srvServiceName=mongodb, mode=MULTIPLE, requiredClusterType=REPLICA_SET, requiredReplicaSetName='atlas-6man22-shard-0', serverSelector='null', clusterListeners='[]', serverSelectionTimeout='30000 ms', localThreshold='15 ms'}, socketSettings=SocketSettings{connectTimeoutMS=10000, readTimeoutMS=0, receiveBufferSize=0, proxySettings=ProxySettings{host=null, port=null, username=null, password=null}}, heartbeatSocketSettings=SocketSettings{connectTimeoutMS=10000, readTimeoutMS=10000, receiveBufferSize=0, proxySettings=ProxySettings{host=null, port=null, username=null, password=null}}, connectionPoolSettings=ConnectionPoolSettings{maxSize=100, minSize=0, maxWaitTimeMS=120000, maxConnectionLifeTimeMS=0, maxConnectionIdleTimeMS=0, maintenanceInitialDelayMS=0, maintenanceFrequencyMS=60000, connectionPoolListeners=[], maxConnecting=2}, serverSettings=ServerSettings{heartbeatFrequencyMS=10000, minHeartbeatFrequencyMS=500, serverListeners='[]', serverMonitorListeners='[]'}, sslSettings=SslSettings{enabled=true, invalidHostNameAllowed=false, context=null}, applicationName='null', compressorList=[], uuidRepresentation=JAVA_LEGACY, serverApi=null, autoEncryptionSettings=null, dnsClient=null, inetAddressResolver=null, contextProvider=null}
2023-12-27T14:22:36.538+05:30  WARN 64112 --- [           main] o.s.c.annotation.AnnotationTypeMapping   : Support for convention-based annotation attribute overrides is deprecated and will be removed in Spring Framework 6.2. Please annotate the following attributes in @org.hibernate.validator.constraints.Email with appropriate @AliasFor declarations: [regexp, payload, flags, groups, message]
2023-12-27T14:22:36.612+05:30  INFO 64112 --- [j2e.mongodb.net] org.mongodb.driver.cluster               : Adding discovered server ac-8tsoqx4-shard-00-00.t8prj2e.mongodb.net:27017 to client view of cluster
2023-12-27T14:22:36.631+05:30  INFO 64112 --- [j2e.mongodb.net] org.mongodb.driver.cluster               : Adding discovered server ac-8tsoqx4-shard-00-01.t8prj2e.mongodb.net:27017 to client view of cluster
2023-12-27T14:22:36.632+05:30  INFO 64112 --- [j2e.mongodb.net] org.mongodb.driver.cluster               : Adding discovered server ac-8tsoqx4-shard-00-02.t8prj2e.mongodb.net:27017 to client view of cluster
2023-12-27T14:22:36.821+05:30  INFO 64112 --- [           main] c.a.e.EmploywiseApiApplicationTests      : Started EmploywiseApiApplicationTests in 1.081 seconds (process running for 1.508)
2023-12-27T14:22:36.956+05:30  INFO 64112 --- [ngodb.net:27017] org.mongodb.driver.cluster               : Monitor thread successfully connected to server with description ServerDescription{address=ac-8tsoqx4-shard-00-01.t8prj2e.mongodb.net:27017, type=REPLICA_SET_SECONDARY, state=CONNECTED, ok=true, minWireVersion=0, maxWireVersion=17, maxDocumentSize=16777216, logicalSessionTimeoutMinutes=30, roundTripTimeNanos=175475083, setName='atlas-6man22-shard-0', canonicalAddress=ac-8tsoqx4-shard-00-01.t8prj2e.mongodb.net:27017, hosts=[ac-8tsoqx4-shard-00-02.t8prj2e.mongodb.net:27017, ac-8tsoqx4-shard-00-00.t8prj2e.mongodb.net:27017, ac-8tsoqx4-shard-00-01.t8prj2e.mongodb.net:27017], passives=[], arbiters=[], primary='ac-8tsoqx4-shard-00-02.t8prj2e.mongodb.net:27017', tagSet=TagSet{[Tag{name='availabilityZone', value='aps1-az3'}, Tag{name='nodeType', value='ELECTABLE'}, Tag{name='provider', value='AWS'}, Tag{name='region', value='AP_SOUTH_1'}, Tag{name='workloadType', value='OPERATIONAL'}]}, electionId=null, setVersion=7, topologyVersion=TopologyVersion{processId=65894e97d6f49ab544169f7c, counter=3}, lastWriteDate=Wed Dec 27 14:22:36 IST 2023, lastUpdateTimeNanos=382916632718625}
2023-12-27T14:22:36.956+05:30  INFO 64112 --- [ngodb.net:27017] org.mongodb.driver.cluster               : Monitor thread successfully connected to server with description ServerDescription{address=ac-8tsoqx4-shard-00-00.t8prj2e.mongodb.net:27017, type=REPLICA_SET_SECONDARY, state=CONNECTED, ok=true, minWireVersion=0, maxWireVersion=17, maxDocumentSize=16777216, logicalSessionTimeoutMinutes=30, roundTripTimeNanos=176487458, setName='atlas-6man22-shard-0', canonicalAddress=ac-8tsoqx4-shard-00-00.t8prj2e.mongodb.net:27017, hosts=[ac-8tsoqx4-shard-00-02.t8prj2e.mongodb.net:27017, ac-8tsoqx4-shard-00-00.t8prj2e.mongodb.net:27017, ac-8tsoqx4-shard-00-01.t8prj2e.mongodb.net:27017], passives=[], arbiters=[], primary='ac-8tsoqx4-shard-00-02.t8prj2e.mongodb.net:27017', tagSet=TagSet{[Tag{name='availabilityZone', value='aps1-az1'}, Tag{name='nodeType', value='ELECTABLE'}, Tag{name='provider', value='AWS'}, Tag{name='region', value='AP_SOUTH_1'}, Tag{name='workloadType', value='OPERATIONAL'}]}, electionId=null, setVersion=7, topologyVersion=TopologyVersion{processId=65894bbc5ac2f119079e53c1, counter=4}, lastWriteDate=Wed Dec 27 14:22:36 IST 2023, lastUpdateTimeNanos=382916632703541}
2023-12-27T14:22:36.965+05:30  INFO 64112 --- [ngodb.net:27017] org.mongodb.driver.cluster               : Monitor thread successfully connected to server with description ServerDescription{address=ac-8tsoqx4-shard-00-02.t8prj2e.mongodb.net:27017, type=REPLICA_SET_PRIMARY, state=CONNECTED, ok=true, minWireVersion=0, maxWireVersion=17, maxDocumentSize=16777216, logicalSessionTimeoutMinutes=30, roundTripTimeNanos=111121208, setName='atlas-6man22-shard-0', canonicalAddress=ac-8tsoqx4-shard-00-02.t8prj2e.mongodb.net:27017, hosts=[ac-8tsoqx4-shard-00-02.t8prj2e.mongodb.net:27017, ac-8tsoqx4-shard-00-00.t8prj2e.mongodb.net:27017, ac-8tsoqx4-shard-00-01.t8prj2e.mongodb.net:27017], passives=[], arbiters=[], primary='ac-8tsoqx4-shard-00-02.t8prj2e.mongodb.net:27017', tagSet=TagSet{[Tag{name='availabilityZone', value='aps1-az2'}, Tag{name='nodeType', value='ELECTABLE'}, Tag{name='provider', value='AWS'}, Tag{name='region', value='AP_SOUTH_1'}, Tag{name='workloadType', value='OPERATIONAL'}]}, electionId=7fffffff0000000000000180, setVersion=7, topologyVersion=TopologyVersion{processId=65894d42501b63902fdffbf9, counter=6}, lastWriteDate=Wed Dec 27 14:22:36 IST 2023, lastUpdateTimeNanos=382916642942416}
2023-12-27T14:22:36.966+05:30  INFO 64112 --- [ngodb.net:27017] org.mongodb.driver.cluster               : Discovered replica set primary ac-8tsoqx4-shard-00-02.t8prj2e.mongodb.net:27017 with max election id 7fffffff0000000000000180 and max set version 7
]]></system-out>
  </testcase>
</testsuite>